1 | Арифметика | Вычислите: –41⁄7 + 1,6 : 21 + 3 + 22⁄7
2 | Арифметика | Вычислите: –22⁄7 + 1,2 : 21 + 5 + 64⁄7
3 | Арифметика | Вычислите: –45⁄7 + 1,7 : 21 + 4 + 75⁄7
4 | Арифметика | Вычислите: –30⁄7 + 1,3 : 21 + 2 + 41⁄7
5 | Арифметика | Вычислите: –6 + 1,7 : 21 + 5 + 61⁄7
6 | Арифметика | Вычислите: –26⁄7 + 1,9 : 21 + 2 + 25⁄7
7 | Арифметика | Вычислите: –29⁄7 + 1,1 : 21 + 4 + 11
8 | Арифметика | Вычислите: –41⁄7 + 1,2 : 21 + 4 + 37⁄7
9 | Арифметика | Вычислите: –27⁄7 + 1,0 : 21 + 3 + 80⁄7
10 | Арифметика | Вычислите: –6 + 1,3 : 21 + 3 + 32⁄7
11 | Арифметика | Вычислите: –44⁄7 + 1,6 : 21 + 3 + 61⁄7
12 | Арифметика | Вычислите: –46⁄7 + 1,1 : 21 + 5 + 62⁄7
13 | Числовые закономерности | Вычислите: –41⁄7 + 1,7 : 21 + 1 + 48⁄7
14 | Числовые закономерности | Найдите удвоенное значение неизвестного числа в закономерности: 5; 11; x; 23; 29.
15 | Числовые закономерности | Найдите удвоенное значение неизвестного числа в закономерности: 15; x; 23; 27; 31.
16 | Числовые закономерности | Найдите удвоенное значение неизвестного числа в закономерности: 6; x; 16; 21; 26.
17 | Числовые закономерности | Найдите удвоенное значение неизвестного числа в закономерности: 5; 10; 15; x; 25.
18 | Числовые закономерности | Найдите удвоенное значение неизвестного числа в закономерности: 10; 13; 16; x; 22.
19 | Числовые закономерности | Найдите удвоенное значение неизвестного числа в закономерности: 8; 13; x; 23; 28.
20 | Числовые закономерности | Найдите удвоенное значение неизвестного числа в закономерности: 5; 9; x; 17; 21.
21 | Числовые закономерности | Найдите удвоенное значение неизвестного числа в закономерности: 10; 14; 18; x; 26.
22 | Числовые закономерности | Найдите удвоенное значение неизвестного числа в закономерности: 9; 15; 21; x; 33.
23 | Концентрация | Найдите удвоенное значение неизвестного числа в закономерности: 11; 17; x; 29; 35.
24 | Концентрация | Смешали 800 г воды и 200 г 30% содового раствора. Найдите концентрацию.
25 | Концентрация | Смешали 500 г воды и 250 г 20% содового раствора. Найдите концентрацию.
26 | Концентрация | Смешали 1000 г воды и 300 г 25% содового раствора. Найдите концентрацию.
27 | Концентрация | Смешали 700 г воды и 100 г 40% содового раствора. Найдите концентрацию.
28 | Концентрация | Смешали 600 г воды и 150 г 10% содового раствора. Найдите концентрацию.
29 | Концентрация | Смешали 900 г воды и 300 г 20% содового раствора. Найдите концентрацию.
30 | Концентрация | Смешали 700 г воды и 200 г 25% содового раствора. Найдите концентрацию.
31 | Концентрация | Смешали 1000 г воды и 200 г 35% содового раствора. Найдите концентрацию.
32 | Концентрация | Смешали 600 г воды и 300 г 30% содового раствора. Найдите концентрацию.
33 | Концентрация | Смешали 500 г воды и 250 г 25% содового раствора. Найдите концентрацию.
34 | Концентрация | Смешали 800 г воды и 200 г 40% содового раствора. Найдите концентрацию полученного раствора.
35 | Концентрация | Смешали 1000 г воды и 100 г 30% содового раствора. Найдите концентрацию полученного раствора.
36 | Концентрация | Смешали 900 г воды и 100 г 25% содового раствора. Найдите концентрацию полученного раствора.
37 | Концентрация | Смешали 700 г воды и 300 г 35% содового раствора. Найдите концентрацию полученного раствора.
38 | Концентрация | Смешали 600 г воды и 200 г 40% содового раствора. Найдите концентрацию полученного раствора.
39 | Концентрация | Смешали 1000 г воды и 300 г 40% содового раствора. Найдите концентрацию полученного раствора.
40 | Концентрация | Смешали 800 г воды и 200 г 25% содового раствора. Найдите концентрацию полученного раствора.
41 | Концентрация | Смешали 600 г воды и 250 г 30% содового раствора. Найдите концентрацию полученного раствора.
42 | Линейные уравнения | Смешали 700 г воды и 150 г 30% содового раствора. Найдите концентрацию полученного раствора.
43 | Линейные уравнения | Решите уравнение: 2(x - 7)/4 + 13 = 5(18 - 3)/(18 + 6)
44 | Линейные уравнения | Решите уравнение: (x - 7) + 7 = 5(16 - 1)/(10 + 6)
45 | Линейные уравнения | Решите уравнение: 4(x - 5)/2 + 14 = 4(19 - 9)/(19 + 9)
46 | Линейные уравнения | Решите уравнение: (x - 3)/2 + 15 = 4(14 - 7)/(19 + 6)
47 | Линейные уравнения | Решите уравнение: 2(x - 1)/6 + 9 = 4(15 - 6)/(11 + 4)
48 | Линейные уравнения | Решите уравнение: 3(x - 3)/10 + 15 = (16 - 1)/(11 + 2)
49 | Линейные уравнения | Решите уравнение: 5(x - 7)/6 + 14 = (20 - 3)/(14 + 8)
50 | Линейные уравнения | Решите уравнение: 5(x - 4)/7 + 6 = 5(14 - 4)/(12 + 8)
51 | Линейные уравнения | Решите уравнение: 5(x - 6) + 5 = 2(11 - 2)/(15 + 4)
52 | Линейные уравнения | Решите уравнение: 2(x - 6)/3 + 13 = 2(14 - 6)/(12 + 2)
53 | Линейные уравнения | Решите уравнение: 4(x - 8)/9 + 8 = 5(20 - 5)/(19 + 5)
54 | Линейные уравнения | Решите уравнение: (x - 2)/3 + 14 = 2(10 - 1)/(16 + 2)
55 | Линейные уравнения | Решите уравнение: (x - 10) + 8 = 2(16 - 1)/(10 + 5)
56 | Линейные уравнения | Решите уравнение: 3(x - 3)/5 + 5 = 3(14 - 5)/(12 + 6)
57 | Линейные уравнения | Решите уравнение: 4(x - 1)/5 + 6 = (15 - 2)/(16 + 2)
58 | Линейные уравнения | Решите уравнение: 2(x - 7)/3 + 11 = (10 - 2)/(15 + 8)
59 | Линейные уравнения | Решите уравнение: 3(x - 5)/3 + 15 = 5(11 - 8)/(16 + 5)
60 | Линейные уравнения | Решите уравнение: (x - 2)/3 + 15 = (20 - 6)/(16 + 1)
61 | Линейные уравнения | Решите уравнение: (x - 8)/2 + 8 = 3(11 - 6)/(14 + 10)
62 | Масштаб и расстояние | Решите уравнение: 4(x - 5)/10 + 12 = 4(13 - 9)/(20 + 9)
63 | Масштаб и расстояние | Расстояние на карте между городами Шымкент и Астана равно 5.5 см. Масштаб карты: 1 : 1 000 000 Каково расстояние между городами на местности?
64 | Масштаб и расстояние | Тараз – Алматы: 13.5 см, масштаб 1 : 2 000 000. Каково расстояние между городами на местности?
65 | Масштаб и расстояние | Атырау – Астана: 12.0 см, масштаб 1 : 2 000 000. Каково расстояние между городами на местности?
66 | Масштаб и расстояние | Атырау – Астана: 13.2 см, масштаб 1 : 4 000 000. Каково расстояние между городами на местности?
67 | Масштаб и расстояние | Уральск – Караганда: 3.4 см, масштаб 1 : 1 000 000. Каково расстояние между городами на местности?
68 | Масштаб и расстояние | Петропавловск – Талдыкорган: 7.2 см, масштаб 1 : 4 000 000. Каково расстояние между городами на местности?
69 | Масштаб и расстояние | Кызылорда – Семей: 13.7 см, масштаб 1 : 1 000 000. Каково расстояние между городами на местности?
70 | Масштаб и расстояние | Уральск – Астана: 8.8 см, масштаб 1 : 1 000 000. Каково расстояние между городами на местности?
71 | Масштаб и расстояние | Петропавловск – Талдыкорган: 14.2 см, масштаб 1 : 2 000 000. Каково расстояние между городами на местности?
72 | Масштаб и расстояние | Шымкент – Астана: 10.8 см, масштаб 1 : 2 000 000. Каково расстояние между городами на местности?
73 | Масштаб и расстояние | Уральск – Талдыкорган: 13.3 см, масштаб 1 : 2 000 000. Каково расстояние между городами на местности?
74 | Масштаб и расстояние | Кызылорда – Астана: 13.9 см, масштаб 1 : 1 000 000. Каково расстояние между городами на местности?
75 | Масштаб и расстояние | Уральск – Семей: 9.9 см, масштаб 1 : 2 000 000. Каково расстояние между городами на местности?
76 | Масштаб и расстояние | Уральск – Костанай: 11.5 см, масштаб 1 : 2 000 000. Каково расстояние между городами на местности?
77 | Масштаб и расстояние | Атырау – Астана: 9.3 см, масштаб 1 : 1 000 000. Каково расстояние между городами на местности?
78 | Масштаб и расстояние | Шымкент – Караганда: 13.0 см, масштаб 1 : 1 000 000. Каково расстояние между городами на местности?
79 | Масштаб и расстояние | Шымкент – Караганда: 9.7 см, масштаб 1 : 2 000 000. Каково расстояние между городами на местности?
80 | Масштаб и расстояние | Шымкент – Астана: 3.3 см, масштаб 1 : 2 000 000. Каково расстояние между городами на местности?
81 | Масштаб и расстояние | Атырау – Костанай: 9.0 см, масштаб 1 : 4 000 000. Каково расстояние между городами на местности?
82 | Арифметика | Тараз – Семей: 9.8 см, масштаб 1 : 2 000 000. Каково расстояние между городами на местности?
83 | Арифметика | На складе было несколько коробок. Утром отгрузили 2/7, днём - ⅗ остатка. Осталось 30 коробок. Сколько всего было изначально?
84 | Арифметика | Садовник раздал 2/7 всех саженцев утром и 3/5 от оставшихся после обеда. Вечером осталось 18 саженцев. Сколько всего было изначально?
85 | Арифметика | В коробке с игрушками было несколько предметов. 2/7 игрушек ребенок отдал друзьям, потом — 3/5 от оставшихся выбросили. Осталось 12 игрушек. Сколько всего было изначально?
86 | Арифметика | В ведре было несколько литров краски. Расходовали 2/7 утром и ⅗ остатка днём. Осталось 16 литров. Сколько всего было изначально?
87 | Арифметика | На складе было несколько ящиков. Утром увезли 2/7 всех, а после обеда - ⅗ от оставшихся. Осталось 20 ящиков. Сколько всего было изначально?
88 | Арифметика | В копилке было несколько монет. 2/7 вытащили на покупки, 3/5 от остатка потратили. Осталось 22 монеты. Сколько всего было изначально?
89 | Арифметика | На полке стояло несколько книг. Утром мама убрала 2/7 всех книг, а вечером - 3/5 от оставшихся. Остальные 10 книг остались на полке.Сколько всего было изначально?
90 | Арифметика | кг теста. Сколько всего было изначально?
91 | Арифметика | В пакете было много яблок. Сначала съели 2/7 всех яблок, потом ⅗ оставшихся раздали. Осталось 14 яблок. Сколько всего было изначально?
92 | Арифметика | Ученики раздали 2/7 всех листовок утром, затем — 3/5 от остатка днём. Осталось 15 листовок.🔍 Сколько всего было изначально?
93 | Арифметика | В коробке с игрушками 2/7 игрушек отдали, потом 3/5 остатка выбросили. Осталось 12 игрушек. Сколько всего было изначально?
94 | Арифметика | Садовник раздал 2/7 всех саженцев утром и 3/5 от оставшихся. Вечером осталось 18 саженцев. Сколько всего было изначально?
95 | Арифметика | На складе было несколько коробок. Утром отгрузили 2/7, днём — ⅗ остатка. Осталось 30 коробок. Сколько всего было изначально?
96 | Арифметика | игрушек. Сколько всего было изначально?
97 | Арифметика | На складе осталось 20 ящиков после 2/7 и 3/5 раздачи. Сколько всего было изначально?
98 | Арифметика | Повар использовал часть теста — 2/7 утром и 3/5 вечером. Осталось 24 кг. Сколько всего было изначально?
99 | Арифметика | На складе было несколько коробок. После всех операций осталось 30 коробок. Сколько всего было изначально?
100 | Арифметика | В саду осталось 18 саженцев после 2/7 и 3/5 раздачи. Сколько всего было изначально?
101 | Арифметика | В ведре было 16 литров краски после списаний 2/7 и 3/5. Сколько всего было изначально?
102 | Линейные уравнения | После всех раздач в коробке осталось 12 игрушек. Сколько всего было изначально?
103 | Линейные уравнения | 6x + 7.6x - 0.7x = 0
104 | Линейные уравнения | 4x + 7.6x - 4.9x = 0
105 | Линейные уравнения | 8x + 1.1x - 1.0x = 0
106 | Линейные уравнения | 8x + 6.6x - 7.7x = 0
107 | Линейные уравнения | 8x + 3.7x - 3.7x = 0
108 | Линейные уравнения | 3x + 7.0x - 3.5x = 0
109 | Линейные уравнения | 8x + 7.2x - 1.1x = 0
110 | Линейные уравнения | 1x + 6.4x - 5.7x = 0
111 | Линейные уравнения | 8x + 7.8x - 2.4x = 0
112 | Задачи на движение | 0x + 3.4x - 4.7x = 0
113 | Задачи на движение | Какое расстояние будет между велосипедистами через 2 часа, если первый едет со скоростью 28 км/ч, а второй — в 1.2 раза быстрее?
114 | Задачи на движение | Через 3 часа после старта, на каком расстоянии окажется второй велосипедист от первого, если их скорости 30 км/ч и в 1.1 раза быстрее?
115 | Задачи на движение | км/ч, а второй в 1.4 раза быстрее.
116 | Задачи на движение | Первый едет 36 км/ч, второй - в 1.1 раза быстрее. Какое расстояние будет между ними через 4 часа?
117 | Задачи на движение | Через 2 часа, как далеко второй велосипедист будет от первого, если их скорости: 40 км/ч и в 1.4 раза больше?
118 | Задачи на движение | Два велосипедиста выехали одновременно. Первый - 35 км/ч, второй - в 1.1 раза быстрее. Сколько км будет между ними через 5 ч?
119 | Задачи на движение | Первый едет со скоростью 27 км/ч, второй — в 1.2 раза быстрее.✅ Найди расстояние между ними через 5 часов.
120 | Задачи на движение | Какое расстояние пройдет второй велосипедист относительно первого за 3 часа, если первый едет 28 км/ч, а второй — в 1.5 раза быстрее?
121 | Задачи на движение | Первый — 27 км/ч, второй — в 1.3 раза быстрее. Через 5 ч каково будет расстояние между ними?
122 | Задачи на движение | Если скорости 38 км/ч и в 1.5 раза больше, то насколько второй отстанет за 3 часа?
123 | Задачи на движение | Первый — 20 км/ч, второй — в 1.3 раза быстрее. Найди расстояние между ними через 2 часа.
124 | Задачи на движение | Через 2 часа после начала движения, каково расстояние между велосипедистами со скоростями 29 км/ч и в 1.4 раза больше?
125 | Задачи на движение | Если скорости 35 км/ч и в 1.5 раза выше, на каком расстоянии будут велосипедисты через 2 часа?
126 | Задачи на движение | Первый — 40 км/ч, второй — в 1.4 раза быстрее. Какое расстояние будет между ними через 4 часа?
127 | Задачи на движение | Через 3 часа как далеко второй велосипедист уедет вперёд, если его скорость в 1.4 раза больше скорости первого — 32 км/ч?
128 | Задачи на движение | Первый едет 39 км/ч, второй — в 1.1 раза быстрее. Какое расстояние между ними будет через 5 часов?
129 | Задачи на движение | Если скорости 20 км/ч и в 1.3 раза выше, то через 4 ч каково расстояние между велосипедистами?
130 | Задачи на движение | Первый — 40 км/ч, второй — в 1.2 раза быстрее. Какое расстояние между ними через 2 часа?
131 | Задачи на движение | Первый — 25 км/ч, второй — в 1.2 раза быстрее. На каком расстоянии они окажутся через 4 часа?
132 | Задачи на движение | Первый — 37 км/ч, второй — в 1.1 раза быстрее. Какое расстояние будет между ними через 3 часа? Тема: (НОК)Нахождение наименьшего общего кратного(20)
133 | Задачи на движение | Туристические группы, состоящие из 36 туристов из первой страны, 41 из второй и 20 из третьей, прибыли одновременно в порт. В одну лодку помещается не более 9 человек. Сколько лодок нужно минимум, чтобы перевезти всех туристов одновременно?
134 | Задачи на движение | В порт прибыли туристы: 47 из первой группы, 49 из второй и 38 из третьей. Вместимость одной лодки — 9 человек. Какое минимальное количество лодок потребуется, чтобы перевезти всех туристов?
135 | Задачи на движение | В туристических группах 38, 25 и 12 человек. Лодка вмещает 5 человек. Сколько лодок нужно минимум, чтобы перевезти всех туристов?
136 | Задачи на движение | Если в трёх туристических группах 30, 38 и 33 человека, вместимость одной лодки 8 человек, сколько лодок понадобится минимум?
137 | Задачи на движение | В порту находятся 32 туриста из первой страны, 23 — из второй, 13 - из третьей. Лодка вмещает 9 человек. Какое минимальное количество лодок нужно, чтобы всех перевезти?
138 | Задачи на движение | Сколько лодок необходимо минимум для перевозки 59, 29 и 37 туристов, если каждая лодка вмещает 9 человек?
139 | Задачи на движение | В порт прибыли 34, 37 и 11 туристов. Каждая лодка вмещает до 6 человек. Сколько лодок потребуется минимум?
140 | Задачи на движение | Если всего 60 + 28 + 13 туристов и каждая лодка вмещает 8 человек, сколько лодок нужно минимум?
141 | Задачи на движение | В трёх группах 43, 20 и 21 туристов. Вместимость одной лодки — 10 человек. Сколько лодок минимум потребуется?
142 | Задачи на движение | Туристы: 35 из первой страны, 46 из второй, 22 из третьей.Лодка вмещает 10 человек. Какое минимальное количество лодок нужно?
143 | Задачи на движение | В порту находятся 36, 33 и 16 туристов. Если лодка вмещает 6 человек, сколько лодок потребуется минимум?
144 | Задачи на движение | В трёх группах 48, 28 и 32 туриста. Вместимость лодки - 8 человек. Найти минимальное число лодок для перевозки всех туристов.
145 | Задачи на движение | В порту находятся 28, 26 и 12 туристов. В лодке — не более 9 человек. Сколько нужно лодок минимум?
146 | Задачи на движение | Всего 49, 36 и 24 туристов. Лодка — на 5 мест. Сколько лодок нужно минимум?
147 | Задачи на движение | Если группы состоят из 56, 39 и 39 человек, а лодка вмещает до 5 человек, сколько лодок потребуется минимум?
148 | Задачи на движение | В порту собрались 38, 32 и 31 турист. Вместимость лодки - 6 человек. Сколько лодок минимум нужно?
149 | Задачи на движение | Всего туристов: 30, 23 и 26. Вместимость лодки - 7 человек. Сколько лодок нужно минимум?
150 | Задачи на движение | Сколько лодок потребуется для перевозки 60, 17 и 17 туристов, если лодка вмещает 5 человек?
151 | Задачи на движение | Группы 22, 37 и 38 туристов. Лодка - 7 мест. Найди минимальное количество лодок.
152 | Задачи на движение | В порту 55, 18 и 37 туристов. Вместимость лодки - 6 человек. Сколько лодок нужно минимум? Тема: Геометрия-Площадь()
153 | Задачи на движение | Радиус первого круга равен 23 см, а радиус второго круга на 5 см меньше. Чему равна разность площадей этих кругов?
154 | Задачи на движение | Радиус первого круга равен 10 см, радиус второго круга на 3 см меньше. Найдите разность площадей кругов.
155 | Задачи на движение | Радиус первого круга — 13 см, второго круга — на 4 см меньше. Насколько площадь первого круга больше второго?
156 | Задачи на движение | Радиус первого круга — 12 см, второго — на 3 см меньше. Чему равна разность их площадей?
157 | Задачи на движение | У первого круга радиус — 20 см, у второго — на 4 см меньше. Найдите разницу между их площадями.
158 | Задачи на движение | Радиусы кругов — 15 см и 12 см. Какова разница между их площадями?
159 | Задачи на движение | Радиус первого круга — 15 см, второго — 8 см. Чему равна разность площадей?
160 | Задачи на движение | У круга радиус 16 см, а у второго на 7 см меньше. Сколько составляет разность площадей?
161 | Задачи на движение | Радиус первого круга — 11 см, второго — 4 см. Найдите разницу их площадей.
162 | Геометрия | Радиусы: первый — 14 см, второй — 9 см. Какова разность площадей?
163 | Геометрия | На настенных часах сейчас 07:15. Какой угол будет между минутной и часовой стрелками через 30 минут?
164 | Геометрия | На настенных часах 03:15. Какой угол образуется между стрелками через 15 минут?
165 | Геометрия | Время на часах — 04:00. Какой угол будет между стрелками через 45 минут?
166 | Геометрия | Часы показывают 08:15. Найдите угол между стрелками через 15 минут.
167 | Геометрия | Время — 05:30. Какой угол будет между стрелками через 15 минут?
168 | Геометрия | Сейчас 02:15. Найдите угол между минутной и часовой стрелками через 45 минут.
169 | Геометрия | На часах 05:45. Какой угол будет через 30 минут?
170 | Геометрия | Часы показывают 03:00. Найдите угол через 60 минут.
171 | Геометрия | Сейчас 06:45. Какой угол между стрелками через 15 минут?
172 | Геометрия | Время — 05:30. Что будет с углом между стрелками через 60 минут?
173 | Геометрия | На часах 08:45. Определите угол через 45 минут.
174 | Соотношение и пропорция | Сейчас 08:00. Какой угол будет между стрелками через 30 минут?
175 | Соотношение и пропорция | В саду растут яблоневые и грушевые деревья, отношение их количеств равно 2:1. Грушевых деревьев на 6 меньше, чем яблоневых. Найдите общее количество яблоневых и грушевых деревьев в саду.
176 | Соотношение и пропорция | Отношение количества яблоневых и грушевых деревьев составляет 6:3, а грушевых на 12 меньше, чем яблоневых. Найдите общее количество деревьев.
177 | Соотношение и пропорция | Яблоневых и грушевых деревьев в саду в соотношении 3:2. Грушевых на 4 дерева меньше, чем яблоневых. Сколько всего деревьев в саду?
178 | Соотношение и пропорция | В саду деревья в отношении 3:2, грушевых на 4 меньше. Чему равно общее количество деревьев?
179 | Соотношение и пропорция | Яблоневых и грушевых деревьев — в отношении 5:1, и грушевых на 12 меньше. Сколько всего деревьев в саду?
180 | Соотношение и пропорция | В саду деревья в соотношении 4:3, и грушевых на 6 меньше. Найдите общее количество деревьев.
181 | Соотношение и пропорция | Деревья в соотношении 6:2, грушевых на 12 меньше. Найдите общее количество яблоневых и грушевых деревьев.
182 | Соотношение и пропорция | В саду соотношение деревьев 6:5, грушевых на 4 меньше. Сколько всего деревьев в саду?
183 | Соотношение и пропорция | Отношение яблоневых и грушевых — 3:2, грушевых на 8 меньше. Чему равно общее количество деревьев?
184 | Соотношение и пропорция | В саду деревья в соотношении 5:4, грушевых на 12 меньше. Сколько деревьев в саду всего?
185 | Соотношение и пропорция | Яблони и груши в соотношении 3:1, грушевых на 12 меньше. Найдите общее количество деревьев.
186 | Соотношение и пропорция | В саду деревья в соотношении 6:4, грушевых на 6 меньше. Сколько всего деревьев в саду?
187 | Соотношение и пропорция | Яблоневые и грушевые деревья находятся в отношении 3:2, а грушевых на 8 меньше. Чему равно общее число деревьев?
188 | Соотношение и пропорция | Отношение яблоневых к грушевым — 3:1, грушевых на 8 меньше. Найдите общее количество деревьев.
189 | Соотношение и пропорция | Деревья в соотношении 4:1, и грушевых на 9 меньше.✅ Сколько всего деревьев в саду?
190 | Соотношение и пропорция | Соотношение яблоневых и грушевых — 5:2, грушевых на 9 меньше. Найдите общее количество деревьев.
191 | Соотношение и пропорция | Яблоневых и грушевых — в соотношении 7:5, и грушевых на 10 меньше. Найдите общее число деревьев.
192 | Соотношение и пропорция | Деревья в соотношении 3:2, грушевых на 6 меньше. Чему равно общее количество деревьев?
193 | Соотношение и пропорция | Отношение яблоневых и грушевых — 5:3, грушевых на 8 меньше. Сколько деревьев в саду?
194 | Соотношение и пропорция | В саду деревья в соотношении 4:3, грушевых на 9 меньше. Найдите общее число деревьев.
1 | Линейные уравнения | 2,46 × 18 =
2 | Линейные уравнения | 0,253 × 250 =
3 | Линейные уравнения | 37,46 : 4 =
4 | Линейные уравнения | 4,58 + 4,28 : 8 × 70 = ?
5 | Линейные уравнения | 38,3 − 24,16 : 4 + 3,78 × 3 = ?
6 | Линейные уравнения | 3x − 3,9 = 52,2
7 | Линейные уравнения | 18 × (x − 22,4) = 59,4
8 | Линейные уравнения | Масса 5 мешков картофеля и 4 мешков свеклы равна 81,9 кг. Найдите массу одного мешка картофеля, если мешок свеклы весит 12,4 кг.
9 | Линейные уравнения | 37,2 × 1,8 =
10 | Линейные уравнения | 0,45 × 0,39 =
11 | Линейные уравнения | 18,99 : 0,3 =
12 | Линейные уравнения | 436,8 : 5,6 =
13 | Линейные уравнения | 3,4x − 16,2 = 1,82
14 | Линейные уравнения | 12 × (0,9x + 15,9) = 258,84
15 | Процент | Скорости: 6,7 км/ч и 4,6 км/ч. Встретились через 2,5 часа. Найдите расстояние между деревнями.
16 | Процент | Найдите 12.5% от числа 232:
17 | Процент | Найдите 60% от числа 664:
18 | Процент | Найдите 20% от числа 329:
19 | Процент | Найдите 80% от числа 39:
20 | Процент | Найдите 60% от числа 507:
21 | Процент | Найдите 40% от числа 446:
22 | Процент | Найдите 60% от числа 276:
23 | Процент | Найдите 75% от числа 56:
24 | Процент | Найдите 15% от числа 298:
25 | Процент | Найдите 50% от числа 335:
26 | Процент | Найдите 75% от числа 93:
27 | Процент | Найдите 40% от числа 108:
28 | Процент | Найдите 25% от числа 232:
29 | Процент | Найдите 35% от числа 795:
30 | Процент | Найдите 30% от числа 562:
31 | Процент | Найдите 10% от числа 170:
32 | Процент | Найдите 5% от числа 372:
33 | Процент | Найдите 50% от числа 169:
34 | Процент | Найдите 25% от числа 261:
35 | Порядок выполнения операций | Найдите 50% от числа 177:
36 | Порядок выполнения операций | Вычислите: 31.4 ÷ 7.9
37 | Порядок выполнения операций | Вычислите: 29.6 - 41.1
38 | Порядок выполнения операций | Вычислите: 37.2 + 38.1
39 | Порядок выполнения операций | Вычислите: (9.2 + 5.4) × 4.5
40 | Порядок выполнения операций | Вычислите: 1.9 × 40.8
41 | Порядок выполнения операций | Вычислите: (33.3 + 33.6) × 4.3
42 | Порядок выполнения операций | Вычислите: 49.7 × 9.4
43 | Порядок выполнения операций | Вычислите: (26.8 + 39.1) × 3.4
44 | Порядок выполнения операций | Вычислите: 9.3 - 38.8
45 | Порядок выполнения операций | Вычислите: 44.9 ÷ 15.4
46 | Порядок выполнения операций | Вычислите: (7.7 + 1.0) × 5.7
47 | Порядок выполнения операций | Вычислите: 19.0 × 12.9
48 | Порядок выполнения операций | Вычислите: 46.2 + 33.9
49 | Порядок выполнения операций | Вычислите: 2.6 ÷ 17.3
50 | Порядок выполнения операций | Вычислите: (13.2 + 42.3) × 9.5
51 | Операции с дробями и остатками | Вычислите: 22.7 ÷ 11.0
52 | Операции с дробями и остатками | Вычислите: 34.6 ÷ 5.9
53 | Операции с дробями и остатками | Вычислите: 13.3 - 7.7
54 | Операции с дробями и остатками | Вычислите: 8.8 ÷ 13.7
55 | Арифметика | Вычислите: 48.7 - 21.9
56 | Арифметика | Найдите значение выражения: 2x - y при x = 3, y = 10
57 | Арифметика | Найдите значение выражения: x × y - z при x = 6, y = 9, z = 8
58 | Арифметика | Найдите значение выражения: (x + y) × z при x = 10, y = 2, z = 2
59 | Арифметика | Найдите значение выражения: x + y при x = 10, y = 3
60 | Арифметика | Найдите значение выражения: (x + y) × z при x = 8, y = 3, z = 7
61 | Арифметика | Найдите значение выражения: x + 2y при x = 2, y = 5
62 | Арифметика | Найдите значение выражения: 2x - y при x = 7, y = 1
63 | Арифметика | Найдите значение выражения: x × y - z при x = 5, y = 7, z = 6
64 | Арифметика | Найдите значение выражения: 2x - y при x = 6, y = 10
65 | Арифметика | Найдите значение выражения: 2x - y при x = 6, y = 2
66 | Арифметика | Найдите значение выражения: x при x = 9
67 | Арифметика | Найдите значение выражения: x × y - z при x = 2, y = 8, z = 9
68 | Арифметика | Найдите значение выражения: x + y при x = 1, y = 3
69 | Арифметика | Найдите значение выражения: x при x = 8
70 | Арифметика | Найдите значение выражения: x × y - z при x = 6, y = 8, z = 10
71 | Арифметика | Найдите значение выражения: x при x = 1
72 | Арифметика | Найдите значение выражения: x + 2y при x = 1, y = 3
73 | Арифметика | Найдите значение выражения: x × y при x = 3, y = 6
74 | Арифметика | Найдите значение выражения: x × y - z при x = 6, y = 1, z = 6
75 | Геометрия | Найдите значение выражения: x + y при x = 9, y = 7
76 | Геометрия | Переведите 8 м в см:
77 | Геометрия | Найдите периметр прямоугольника с длиной 4 см и шириной 19 см:
78 | Геометрия | Переведите 29 дм в см:
79 | Геометрия | Ширина прямоугольника равна 4 м. Длина в 3 раза больше. Чему равна длина?
80 | Геометрия | Переведите 7 дм в см:
81 | Геометрия | Ширина прямоугольника равна 7 м. Длина в 2 раза больше. Чему равна длина?
82 | Геометрия | Найдите периметр прямоугольника с длиной 5 см и шириной 10 см:
83 | Геометрия | Ширина прямоугольника равна 6 м. Длина в 4 раза больше. Чему равна длина?
84 | Геометрия | Ширина прямоугольника равна 7 м. Длина в 4 раза больше. Чему равна длина?
85 | Геометрия | Ширина прямоугольника равна 8 м. Длина в 3 раза больше. Чему равна длина?
86 | Геометрия | Ширина прямоугольника равна 2 м. Длина в 5 раза больше. Чему равна длина?
88 | Геометрия | Переведите 288 см в дм:
89 | Геометрия | Ширина прямоугольника равна 6 м. Длина в 5 раза больше. Чему равна длина?
90 | Геометрия | Ширина прямоугольника равна 8 м. Длина в 2 раза больше. Чему равна длина?
91 | Геометрия | Переведите 9 м в см:
92 | Геометрия | Найдите периметр прямоугольника с длиной 18 см и шириной 12 см:
94 | Геометрия | Ширина прямоугольника равна 9 м. Длина в 5 раза больше. Чему равна длина?
95 | Порядок выполнения операций | Переведите 2 м в см:
96 | Порядок выполнения операций | Вычислите: (2 + 3) × 6
97 | Порядок выполнения операций | Вычислите: 1 + 1/4
98 | Порядок выполнения операций | Вычислите: (4 + 1) × 2
99 | Порядок выполнения операций | Вычислите: 3/4 + 1
100 | Порядок выполнения операций | Вычислите: (8 + 6) × 8
101 | Порядок выполнения операций | Вычислите: (7 + 8) × 8
102 | Порядок выполнения операций | Вычислите: 3/5 + 1
103 | Порядок выполнения операций | Вычислите: (10 + 10) × 1
104 | Порядок выполнения операций | Вычислите: 1/2 + 1/2
105 | Порядок выполнения операций | Вычислите: (4 + 10) × 7
106 | Порядок выполнения операций | Вычислите: 1 + 1/2
107 | Порядок выполнения операций | Вычислите: 1 + 1/3
108 | Порядок выполнения операций | Вычислите: (3 + 10) × 2
109 | Порядок выполнения операций | Вычислите: (8 + 5) × 9
110 | Порядок выполнения операций | Вычислите: 2/5 + 1
111 | Порядок выполнения операций | Вычислите: (10 + 8) × 3
112 | Порядок выполнения операций | Вычислите: (8 + 8) × 3
113 | Порядок выполнения операций | Вычислите: 1/2 + 1
114 | Порядок выполнения операций | Вычислите: 1/4 + 1/5
115 | Порядок выполнения операций | Вычислите: 3/2 + 3/5 Тема: Линейные уравнения (усложнённый уровень) (20)
116 | Порядок выполнения операций | Решите уравнение: 5x + 5 = 45
117 | Порядок выполнения операций | Решите уравнение: 4(x - 7) = -12
118 | Порядок выполнения операций | Решите уравнение: 2(x + 3) = 24
119 | Порядок выполнения операций | Решите уравнение: 4x + 4 = 24
120 | Порядок выполнения операций | Решите уравнение: 2x + 4 = 10
121 | Порядок выполнения операций | Решите уравнение: 3x - 7 = 17
122 | Порядок выполнения операций | Решите уравнение: 2x - 3 = 7
123 | Порядок выполнения операций | Решите уравнение: 3x + 8 = 14
124 | Порядок выполнения операций | Решите уравнение: 5x - 8 = 2
125 | Порядок выполнения операций | Решите уравнение: 2(x + 9) = 22
126 | Порядок выполнения операций | Решите уравнение: 5x + 6 = 11
127 | Порядок выполнения операций | Решите уравнение: 5(x + 7) = 45
128 | Порядок выполнения операций | Решите уравнение: 4x + 5 = 21
129 | Порядок выполнения операций | Решите уравнение: 5(x - 5) = 25
130 | Порядок выполнения операций | Решите уравнение: 5x + 4 = 34
131 | Порядок выполнения операций | Решите уравнение: 4x - 10 = 22
132 | Порядок выполнения операций | Решите уравнение: 3(x + 2) = 24
133 | Порядок выполнения операций | Решите уравнение: 4(x - 9) = -16
134 | Порядок выполнения операций | Решите уравнение: 5(x - 5) = 20
135 | Порядок выполнения операций | Решите уравнение: 3(x - 7) = 0
